SF:lib/src/failures/value_object_failure.freezed.dart
DA:10,0
DA:12,0
DA:17,1
DA:19,0
DA:20,0
DA:25,0
DA:26,0
DA:31,0
DA:33,0
DA:44,0
DA:46,0
DA:52,0
DA:53,0
DA:60,0
DA:61,0
DA:68,0
DA:69,0
DA:77,0
DA:79,0
DA:81,0
DA:95,0
DA:101,0
DA:105,0
DA:106,0
DA:107,0
DA:128,0
DA:130,0
DA:132,0
DA:133,0
DA:135,0
DA:139,0
DA:140,0
DA:141,0
DA:150,0
DA:155,0
DA:157,0
DA:160,0
DA:163,0
DA:164,0
DA:166,0
DA:169,0
DA:171,0
DA:173,0
DA:176,0
DA:179,0
DA:186,0
DA:189,0
DA:198,0
DA:200,0
DA:203,0
DA:211,0
DA:214,0
DA:224,0
DA:226,0
DA:234,0
DA:235,0
DA:236,0
DA:239,0
DA:256,0
DA:258,0
DA:260,0
DA:261,0
DA:263,0
DA:267,0
DA:268,0
DA:269,0
DA:278,0
DA:283,0
DA:285,0
DA:288,0
DA:291,0
DA:292,0
DA:294,0
DA:297,0
DA:299,0
DA:301,0
DA:304,0
DA:307,0
DA:314,0
DA:317,0
DA:326,0
DA:328,0
DA:331,0
DA:339,0
DA:342,0
DA:352,0
DA:354,0
DA:362,0
DA:363,0
DA:364,0
DA:367,0
DA:384,0
DA:386,0
DA:388,0
DA:390,0
DA:392,0
DA:396,0
DA:397,0
DA:398,0
DA:407,0
DA:412,0
DA:414,0
DA:417,0
DA:420,0
DA:421,0
DA:423,0
DA:426,0
DA:428,0
DA:430,0
DA:433,0
DA:436,0
DA:443,0
DA:446,0
DA:455,0
DA:457,0
DA:460,0
DA:468,0
DA:471,0
DA:481,0
DA:483,0
DA:491,0
DA:492,0
DA:493,0
DA:496,0
LF:124
LH:1
end_of_record
SF:lib/src/value_objects/email_address.dart
DA:18,1
DA:24,1
DA:25,1
DA:26,1
DA:30,1
DA:32,1
DA:33,1
DA:35,2
DA:39,1
DA:40,1
DA:43,1
DA:44,1
DA:46,0
DA:47,0
DA:57,2
DA:59,1
DA:62,0
DA:63,0
DA:65,1
DA:68,1
DA:70,2
LF:21
LH:17
end_of_record
SF:lib/src/value_objects/email_address.g.dart
DA:9,1
DA:10,1
DA:11,2
DA:15,1
DA:16,1
DA:17,2
LF:6
LH:6
end_of_record
SF:lib/src/value_objects/value_object.dart
DA:7,1
DA:10,0
DA:13,0
DA:16,0
DA:17,0
DA:19,0
DA:20,0
LF:7
LH:1
end_of_record
SF:lib/src/value_objects/name.dart
DA:20,0
DA:26,0
DA:27,0
DA:32,0
DA:34,0
DA:36,0
DA:40,0
DA:42,0
DA:43,0
DA:44,0
DA:45,0
DA:46,0
DA:47,0
DA:50,0
DA:52,0
DA:54,0
DA:63,2
DA:65,0
DA:67,0
DA:70,0
DA:72,0
LF:21
LH:1
end_of_record
SF:lib/src/value_objects/name.g.dart
DA:9,0
DA:10,0
DA:11,0
DA:15,0
DA:16,0
LF:5
LH:0
end_of_record
SF:lib/src/value_objects/phone_number.dart
DA:16,0
DA:22,1
DA:23,1
DA:24,1
DA:28,1
DA:30,0
DA:31,0
DA:33,0
DA:36,1
DA:38,1
DA:43,1
DA:45,1
DA:46,1
DA:47,1
DA:49,0
DA:50,0
DA:60,2
DA:62,0
DA:65,0
DA:66,0
DA:68,0
DA:71,0
DA:73,0
LF:23
LH:11
end_of_record
SF:lib/src/value_objects/phone_number.g.dart
DA:9,0
DA:10,0
DA:11,0
DA:15,0
DA:16,0
DA:17,0
LF:6
LH:0
end_of_record
SF:lib/src/value_objects/supplier_account_types.dart
DA:1,1
LF:1
LH:1
end_of_record
