TN:
SF:lib/src/entities/supplier_profile.dart
FNF:0
FNH:0
DA:20,0
DA:21,0
LF:2
LH:0
end_of_record
TN:
SF:lib/src/entities/user_profile.dart
FNF:0
FNH:0
DA:25,0
DA:26,0
LF:2
LH:0
end_of_record
TN:
SF:lib/src/value_objects/email_address.dart
FNF:0
FNH:0
DA:18,1
DA:20,1
DA:23,1
DA:24,1
DA:25,1
DA:29,1
DA:30,1
DA:35,2
DA:39,1
DA:40,1
DA:43,1
DA:44,1
DA:46,0
DA:47,0
DA:57,4
DA:59,1
DA:62,0
DA:65,1
DA:68,1
DA:70,1
DA:71,1
LF:21
LH:18
end_of_record
TN:
SF:lib/src/value_objects/name.dart
FNF:0
FNH:0
DA:20,0
DA:22,1
DA:26,0
DA:28,0
DA:30,0
DA:34,0
DA:36,0
DA:37,0
DA:38,0
DA:39,0
DA:40,0
DA:41,0
DA:45,1
DA:46,2
DA:49,0
DA:54,2
DA:63,4
DA:65,0
DA:67,0
DA:70,1
DA:72,1
DA:73,1
LF:22
LH:8
end_of_record
TN:
SF:lib/src/value_objects/phone_number.dart
FNF:0
FNH:0
DA:16,0
DA:18,2
DA:21,2
DA:22,2
DA:23,2
DA:27,0
DA:28,0
DA:33,2
DA:36,2
DA:38,2
DA:43,2
DA:45,2
DA:46,1
DA:47,2
DA:49,0
DA:50,0
DA:60,4
DA:62,0
DA:65,0
DA:68,0
DA:71,1
DA:73,1
DA:74,1
LF:23
LH:15
end_of_record
TN:
SF:lib/src/value_objects/supplier_account_types.dart
FNF:0
FNH:0
DA:1,2
LF:1
LH:1
end_of_record
TN:
SF:lib/src/value_objects/value_object.dart
FNF:0
FNH:0
DA:7,2
DA:10,0
DA:13,0
DA:16,0
DA:17,0
DA:19,0
DA:20,0
LF:7
LH:1
end_of_record
